owner/app/build/intermediates/manifest_merge_blame_file/debug/manifest-merger-blame-debug-report.txt
1<?xml version="1.0" encoding="utf-8"?>
2<manifest xmlns:android="http://schemas.android.com/apk/res/android"
3    package="com.example.owner"
4    android:versionCode="1"
5    android:versionName="1.0" >
6
7    <uses-sdk
8        android:minSdkVersion="26"
8-->src\main\AndroidManifest.xml
9        android:targetSdkVersion="29" />
9-->src\main\AndroidManifest.xml
10
11    <uses-permission android:name="android.permission.INTERNET" />
11-->src\main\AndroidManifest.xml:5:5-67
11-->src\main\AndroidManifest.xml:5:22-64
12    <uses-permission android:name="android.permission.READ_EXTERNAL_STORAGE" />
12-->src\main\AndroidManifest.xml:6:5-80
12-->src\main\AndroidManifest.xml:6:22-77
13    <uses-permission android:name="android.permission.WRITE_EXTERNAL_STORAGE" />
13-->src\main\AndroidManifest.xml:7:5-81
13-->src\main\AndroidManifest.xml:7:22-78
14    <uses-permission android:name="android.permission.SEND_SMS" />
14-->src\main\AndroidManifest.xml:8:5-67
14-->src\main\AndroidManifest.xml:8:22-64
15    <uses-permission android:name="android.permission.RECEIVE_SMS" />
15-->src\main\AndroidManifest.xml:9:5-70
15-->src\main\AndroidManifest.xml:9:22-67
16    <uses-permission android:name="android.permission.READ_PHONE_STATE" />
16-->src\main\AndroidManifest.xml:10:5-75
16-->src\main\AndroidManifest.xml:10:22-72
17    <uses-permission android:name="android.permission.WAKE_LOCK" />
17-->src\main\AndroidManifest.xml:12:5-68
17-->src\main\AndroidManifest.xml:12:22-65
18
19    <!-- Include required permissions for Google Maps API to run. -->
20    <uses-permission android:name="android.permission.ACCESS_NETWORK_STATE" />
20-->[com.google.android.gms:play-services-maps:17.0.0] AndroidManifest.xml:23:5-79
20-->[com.google.android.gms:play-services-maps:17.0.0] AndroidManifest.xml:23:22-76
21
22    <uses-feature
22-->[com.google.android.gms:play-services-maps:17.0.0] AndroidManifest.xml:26:5-28:35
23        android:glEsVersion="0x00020000"
23-->[com.google.android.gms:play-services-maps:17.0.0] AndroidManifest.xml:27:9-41
24        android:required="true" /> <!-- Required by older versions of Google Play services to create IID tokens -->
24-->[com.google.android.gms:play-services-maps:17.0.0] AndroidManifest.xml:28:9-32
25    <uses-permission android:name="com.google.android.c2dm.permission.RECEIVE" />
25-->[com.google.firebase:firebase-iid:20.2.3] AndroidManifest.xml:26:5-82
25-->[com.google.firebase:firebase-iid:20.2.3] AndroidManifest.xml:26:22-79
26
27    <application
27-->src\main\AndroidManifest.xml:15:5-68:19
28        android:allowBackup="true"
28-->src\main\AndroidManifest.xml:16:9-35
29        android:appComponentFactory="androidx.core.app.CoreComponentFactory"
29-->[androidx.core:core:1.1.0] AndroidManifest.xml:24:18-86
30        android:debuggable="true"
31        android:extractNativeLibs="false"
32        android:icon="@mipmap/washing_machine_owner"
32-->src\main\AndroidManifest.xml:17:9-53
33        android:label="@string/app_name"
33-->src\main\AndroidManifest.xml:18:9-41
34        android:networkSecurityConfig="@xml/network_security_config"
34-->src\main\AndroidManifest.xml:22:9-69
35        android:roundIcon="@mipmap/washing_machine_owner_foreground"
35-->src\main\AndroidManifest.xml:19:9-69
36        android:supportsRtl="true"
36-->src\main\AndroidManifest.xml:20:9-35
37        android:testOnly="true"
38        android:theme="@style/AppTheme" >
38-->src\main\AndroidManifest.xml:21:9-40
39        <activity android:name="com.example.owner.owner_forgot_pw_change" />
39-->src\main\AndroidManifest.xml:23:9-69
39-->src\main\AndroidManifest.xml:23:19-57
40        <activity android:name="com.example.owner.owner_forgot_id_pw" />
40-->src\main\AndroidManifest.xml:24:9-56
40-->src\main\AndroidManifest.xml:24:19-53
41        <activity android:name="com.example.owner.owner_order_record2" />
41-->src\main\AndroidManifest.xml:26:9-57
41-->src\main\AndroidManifest.xml:26:19-54
42        <activity android:name="com.example.owner.owner_order_record" />
42-->src\main\AndroidManifest.xml:27:9-56
42-->src\main\AndroidManifest.xml:27:19-53
43        <activity android:name="com.example.owner.owner_review_management_reply" />
43-->src\main\AndroidManifest.xml:28:9-67
43-->src\main\AndroidManifest.xml:28:19-64
44        <activity android:name="com.example.owner.owner_info1" />
44-->src\main\AndroidManifest.xml:30:9-49
44-->src\main\AndroidManifest.xml:30:19-46
45        <activity android:name="com.example.owner.owner_item_add_del_up_del" />
45-->src\main\AndroidManifest.xml:31:9-63
45-->src\main\AndroidManifest.xml:31:19-60
46        <activity android:name="com.example.owner.owner_item_add_del_add" />
46-->src\main\AndroidManifest.xml:32:9-60
46-->src\main\AndroidManifest.xml:32:19-57
47        <activity android:name="com.example.owner.owner_item_add_del" />
47-->src\main\AndroidManifest.xml:34:9-56
47-->src\main\AndroidManifest.xml:34:19-53
48        <activity android:name="com.example.owner.owner_logout" />
48-->src\main\AndroidManifest.xml:35:9-50
48-->src\main\AndroidManifest.xml:35:19-47
49        <activity android:name="com.example.owner.owner_review_management" />
49-->src\main\AndroidManifest.xml:36:9-61
49-->src\main\AndroidManifest.xml:36:19-58
50        <activity android:name="com.example.owner.owner_info" />
50-->src\main\AndroidManifest.xml:37:9-48
50-->src\main\AndroidManifest.xml:37:19-45
51        <activity android:name="com.example.owner.owner_gongji_management" />
51-->src\main\AndroidManifest.xml:38:9-61
51-->src\main\AndroidManifest.xml:38:19-58
52        <activity android:name="com.example.owner.owner_order_y_n" />
52-->src\main\AndroidManifest.xml:39:9-53
52-->src\main\AndroidManifest.xml:39:19-50
53        <activity android:name="com.example.owner.owner_main" />
53-->src\main\AndroidManifest.xml:41:9-48
53-->src\main\AndroidManifest.xml:41:19-45
54        <activity android:name="com.example.owner.mainloading" />
54-->src\main\AndroidManifest.xml:42:9-49
54-->src\main\AndroidManifest.xml:42:19-46
55        <activity android:name="com.example.owner.owner_login" />
55-->src\main\AndroidManifest.xml:43:9-49
55-->src\main\AndroidManifest.xml:43:19-46
56        <activity android:name="com.example.owner.owner_signup4" />
56-->src\main\AndroidManifest.xml:44:9-51
56-->src\main\AndroidManifest.xml:44:19-48
57        <activity android:name="com.example.owner.owner_signup3" />
57-->src\main\AndroidManifest.xml:45:9-51
57-->src\main\AndroidManifest.xml:45:19-48
58        <activity android:name="com.example.owner.owner_signup2" />
58-->src\main\AndroidManifest.xml:46:9-51
58-->src\main\AndroidManifest.xml:46:19-48
59        <activity android:name="com.example.owner.owner_signup1" />
59-->src\main\AndroidManifest.xml:47:9-51
59-->src\main\AndroidManifest.xml:47:19-48
60        <activity android:name="com.example.owner.MainActivity" >
60-->src\main\AndroidManifest.xml:48:9-54:20
60-->src\main\AndroidManifest.xml:48:19-47
61            <intent-filter>
61-->src\main\AndroidManifest.xml:49:13-53:29
62                <action android:name="android.intent.action.MAIN" />
62-->src\main\AndroidManifest.xml:50:17-69
62-->src\main\AndroidManifest.xml:50:25-66
63
64                <category android:name="android.intent.category.LAUNCHER" />
64-->src\main\AndroidManifest.xml:52:17-77
64-->src\main\AndroidManifest.xml:52:27-74
65            </intent-filter>
66        </activity>
67        <activity android:name="com.example.owner.ImageActivity_owner" /> <!-- 구글 API -->
67-->src\main\AndroidManifest.xml:55:9-57
67-->src\main\AndroidManifest.xml:55:19-54
68
69        <meta-data
69-->src\main\AndroidManifest.xml:57:9-59:71
70            android:name="com.google.android.geo.API_KEY"
70-->src\main\AndroidManifest.xml:58:13-58
71            android:value="AIzaSyCVgBM9ZWqFJdEPp_QgpLsqMxQIb3qqEBI" />
71-->src\main\AndroidManifest.xml:59:13-68
72
73        <service
73-->src\main\AndroidManifest.xml:61:9-64:43
74            android:name="com.example.owner.BackgroundService"
74-->src\main\AndroidManifest.xml:62:13-46
75            android:exported="false"
75-->src\main\AndroidManifest.xml:63:13-37
76            android:stopWithTask="false" />
76-->src\main\AndroidManifest.xml:64:13-41
77
78        <!--
79             FirebaseMessagingService performs security checks at runtime,
80             but set to not exported to explicitly avoid allowing another app to call it.
81        -->
82        <service
82-->[com.google.firebase:firebase-messaging:20.2.4] AndroidManifest.xml:28:9-35:19
83            android:name="com.google.firebase.messaging.FirebaseMessagingService"
83-->[com.google.firebase:firebase-messaging:20.2.4] AndroidManifest.xml:29:13-82
84            android:directBootAware="true"
84-->[com.google.firebase:firebase-messaging:20.2.4] AndroidManifest.xml:30:13-43
85            android:exported="false" >
85-->[com.google.firebase:firebase-messaging:20.2.4] AndroidManifest.xml:31:13-37
86            <intent-filter android:priority="-500" >
86-->[com.google.firebase:firebase-messaging:20.2.4] AndroidManifest.xml:32:13-34:29
86-->[com.google.firebase:firebase-messaging:20.2.4] AndroidManifest.xml:32:28-51
87                <action android:name="com.google.firebase.MESSAGING_EVENT" />
87-->[com.google.firebase:firebase-messaging:20.2.4] AndroidManifest.xml:33:17-78
87-->[com.google.firebase:firebase-messaging:20.2.4] AndroidManifest.xml:33:25-75
88            </intent-filter>
89        </service>
90        <service
90-->[com.google.firebase:firebase-messaging:20.2.4] AndroidManifest.xml:36:9-42:19
91            android:name="com.google.firebase.components.ComponentDiscoveryService"
91-->[com.google.firebase:firebase-messaging:20.2.4] AndroidManifest.xml:37:13-84
92            android:directBootAware="true"
92-->[com.google.firebase:firebase-common:19.3.0] AndroidManifest.xml:34:13-43
93            android:exported="false" >
93-->[com.google.firebase:firebase-messaging:20.2.4] AndroidManifest.xml:38:13-37
94            <meta-data
94-->[com.google.firebase:firebase-messaging:20.2.4] AndroidManifest.xml:39:13-41:85
95                android:name="com.google.firebase.components:com.google.firebase.messaging.FirebaseMessagingRegistrar"
95-->[com.google.firebase:firebase-messaging:20.2.4] AndroidManifest.xml:40:17-119
96                android:value="com.google.firebase.components.ComponentRegistrar" />
96-->[com.google.firebase:firebase-messaging:20.2.4] AndroidManifest.xml:41:17-82
97            <meta-data
97-->[com.google.firebase:firebase-iid:20.2.3] AndroidManifest.xml:32:13-34:85
98                android:name="com.google.firebase.components:com.google.firebase.iid.Registrar"
98-->[com.google.firebase:firebase-iid:20.2.3] AndroidManifest.xml:33:17-96
99                android:value="com.google.firebase.components.ComponentRegistrar" />
99-->[com.google.firebase:firebase-iid:20.2.3] AndroidManifest.xml:34:17-82
100            <meta-data
100-->[com.google.firebase:firebase-datatransport:17.0.3] AndroidManifest.xml:28:13-30:85
101                android:name="com.google.firebase.components:com.google.firebase.datatransport.TransportRegistrar"
101-->[com.google.firebase:firebase-datatransport:17.0.3] AndroidManifest.xml:29:17-115
102                android:value="com.google.firebase.components.ComponentRegistrar" />
102-->[com.google.firebase:firebase-datatransport:17.0.3] AndroidManifest.xml:30:17-82
103            <meta-data
103-->[com.google.firebase:firebase-installations:16.3.3] AndroidManifest.xml:17:13-19:85
104                android:name="com.google.firebase.components:com.google.firebase.installations.FirebaseInstallationsRegistrar"
104-->[com.google.firebase:firebase-installations:16.3.3] AndroidManifest.xml:18:17-127
105                android:value="com.google.firebase.components.ComponentRegistrar" />
105-->[com.google.firebase:firebase-installations:16.3.3] AndroidManifest.xml:19:17-82
106        </service> <!-- Needs to be explicitly declared on P+ -->
107        <uses-library
107-->[com.google.android.gms:play-services-maps:17.0.0] AndroidManifest.xml:33:9-35:40
108            android:name="org.apache.http.legacy"
108-->[com.google.android.gms:play-services-maps:17.0.0] AndroidManifest.xml:34:13-50
109            android:required="false" />
109-->[com.google.android.gms:play-services-maps:17.0.0] AndroidManifest.xml:35:13-37
110
111        <receiver
111-->[com.google.firebase:firebase-iid:20.2.3] AndroidManifest.xml:37:9-44:20
112            android:name="com.google.firebase.iid.FirebaseInstanceIdReceiver"
112-->[com.google.firebase:firebase-iid:20.2.3] AndroidManifest.xml:38:13-78
113            android:exported="true"
113-->[com.google.firebase:firebase-iid:20.2.3] AndroidManifest.xml:39:13-36
114            android:permission="com.google.android.c2dm.permission.SEND" >
114-->[com.google.firebase:firebase-iid:20.2.3] AndroidManifest.xml:40:13-73
115            <intent-filter>
115-->[com.google.firebase:firebase-iid:20.2.3] AndroidManifest.xml:41:13-43:29
116                <action android:name="com.google.android.c2dm.intent.RECEIVE" />
116-->[com.google.firebase:firebase-iid:20.2.3] AndroidManifest.xml:42:17-81
116-->[com.google.firebase:firebase-iid:20.2.3] AndroidManifest.xml:42:25-78
117            </intent-filter>
118        </receiver>
119
120        <provider
120-->[com.google.firebase:firebase-common:19.3.0] AndroidManifest.xml:26:9-30:39
121            android:name="com.google.firebase.provider.FirebaseInitProvider"
121-->[com.google.firebase:firebase-common:19.3.0] AndroidManifest.xml:27:13-77
122            android:authorities="com.example.owner.firebaseinitprovider"
122-->[com.google.firebase:firebase-common:19.3.0] AndroidManifest.xml:28:13-72
123            android:exported="false"
123-->[com.google.firebase:firebase-common:19.3.0] AndroidManifest.xml:29:13-37
124            android:initOrder="100" />
124-->[com.google.firebase:firebase-common:19.3.0] AndroidManifest.xml:30:13-36
125
126        <activity
126-->[com.google.android.gms:play-services-base:17.0.0] AndroidManifest.xml:23:9-26:75
127            android:name="com.google.android.gms.common.api.GoogleApiActivity"
127-->[com.google.android.gms:play-services-base:17.0.0] AndroidManifest.xml:24:13-79
128            android:exported="false"
128-->[com.google.android.gms:play-services-base:17.0.0] AndroidManifest.xml:25:13-37
129            android:theme="@android:style/Theme.Translucent.NoTitleBar" />
129-->[com.google.android.gms:play-services-base:17.0.0] AndroidManifest.xml:26:13-72
130
131        <meta-data
131-->[com.google.android.gms:play-services-basement:17.0.0] AndroidManifest.xml:23:9-25:69
132            android:name="com.google.android.gms.version"
132-->[com.google.android.gms:play-services-basement:17.0.0] AndroidManifest.xml:24:13-58
133            android:value="@integer/google_play_services_version" />
133-->[com.google.android.gms:play-services-basement:17.0.0] AndroidManifest.xml:25:13-66
134
135        <service
135-->[com.google.android.datatransport:transport-backend-cct:2.2.0] AndroidManifest.xml:29:9-35:19
136            android:name="com.google.android.datatransport.runtime.backends.TransportBackendDiscovery"
136-->[com.google.android.datatransport:transport-backend-cct:2.2.0] AndroidManifest.xml:30:13-103
137            android:exported="false" >
137-->[com.google.android.datatransport:transport-backend-cct:2.2.0] AndroidManifest.xml:31:13-37
138            <meta-data
138-->[com.google.android.datatransport:transport-backend-cct:2.2.0] AndroidManifest.xml:32:13-34:39
139                android:name="backend:com.google.android.datatransport.cct.CctBackendFactory"
139-->[com.google.android.datatransport:transport-backend-cct:2.2.0] AndroidManifest.xml:33:17-94
140                android:value="cct" />
140-->[com.google.android.datatransport:transport-backend-cct:2.2.0] AndroidManifest.xml:34:17-36
141        </service>
142        <service
142-->[com.google.android.datatransport:transport-runtime:2.2.0] AndroidManifest.xml:26:9-30:19
143            android:name="com.google.android.datatransport.runtime.scheduling.jobscheduling.JobInfoSchedulerService"
143-->[com.google.android.datatransport:transport-runtime:2.2.0] AndroidManifest.xml:27:13-117
144            android:exported="false"
144-->[com.google.android.datatransport:transport-runtime:2.2.0] AndroidManifest.xml:28:13-37
145            android:permission="android.permission.BIND_JOB_SERVICE" >
145-->[com.google.android.datatransport:transport-runtime:2.2.0] AndroidManifest.xml:29:13-69
146        </service>
147
148        <receiver
148-->[com.google.android.datatransport:transport-runtime:2.2.0] AndroidManifest.xml:32:9-34:40
149            android:name="com.google.android.datatransport.runtime.scheduling.jobscheduling.AlarmManagerSchedulerBroadcastReceiver"
149-->[com.google.android.datatransport:transport-runtime:2.2.0] AndroidManifest.xml:33:13-132
150            android:exported="false" />
150-->[com.google.android.datatransport:transport-runtime:2.2.0] AndroidManifest.xml:34:13-37
151    </application>
152
153</manifest>